# JRE version: Java(TM) SE Runtime Environment (7.0_67-b01) (build 1.7.0_67-b01)
# Java VM: Java HotSpot(TM) 64-Bit Server VM (24.65-b04 mixed mode windows-amd64 compressed oops)
Heap
 PSYoungGen      total 116736K, used 69218K [0x00000000eaa80000, 0x00000000f4480000, 0x0000000100000000)
  eden space 75776K, 42% used [0x00000000eaa80000,0x00000000ec9cb450,0x00000000ef480000)
  from space 40960K, 90% used [0x00000000ef480000,0x00000000f18cd6f8,0x00000000f1c80000)
  to   space 39936K, 0% used [0x00000000f1d80000,0x00000000f1d80000,0x00000000f4480000)
 ParOldGen       total 173056K, used 133412K [0x00000000c0000000, 0x00000000ca900000, 0x00000000eaa80000)
  object space 173056K, 77% used [0x00000000c0000000,0x00000000c82491d0,0x00000000ca900000)
 PSPermGen       total 21504K, used 5640K [0x00000000bae00000, 0x00000000bc300000, 0x00000000c0000000)
  object space 21504K, 26% used [0x00000000bae00000,0x00000000bb3820e0,0x00000000bc300000)
GC Heap History (10 events):
Event: 35.327 GC heap before
{Heap before GC invocations=8 (full 1):
 PSYoungGen      total 103936K, used 103917K [0x00000000eaa80000, 0x00000000f1380000, 0x0000000100000000)
  eden space 100352K, 100% used [0x00000000eaa80000,0x00000000f0c80000,0x00000000f0c80000)
  from space 3584K, 99% used [0x00000000f1000000,0x00000000f137b4f8,0x00000000f1380000)
  to   space 3584K, 0% used [0x00000000f0c80000,0x00000000f0c80000,0x00000000f1000000)
 ParOldGen       total 173056K, used 97672K [0x00000000c0000000, 0x00000000ca900000, 0x00000000eaa80000)
  object space 173056K, 56% used [0x00000000c0000000,0x00000000c5f62250,0x00000000ca900000)
 PSPermGen       total 21504K, used 5580K [0x00000000bae00000, 0x00000000bc300000, 0x00000000c0000000)
  object space 21504K, 25% used [0x00000000bae00000,0x00000000bb3732c8,0x00000000bc300000)
Event: 40.223 GC heap after
Heap after GC invocations=8 (full 1):
 PSYoungGen      total 103936K, used 3569K [0x00000000eaa80000, 0x00000000f1380000, 0x0000000100000000)
  eden space 100352K, 0% used [0x00000000eaa80000,0x00000000eaa80000,0x00000000f0c80000)
  from space 3584K, 99% used [0x00000000f0c80000,0x00000000f0ffc410,0x00000000f1000000)
  to   space 3584K, 0% used [0x00000000f1000000,0x00000000f1000000,0x00000000f1380000)
 ParOldGen       total 173056K, used 115541K [0x00000000c0000000, 0x00000000ca900000, 0x00000000eaa80000)
  object space 173056K, 66% used [0x00000000c0000000,0x00000000c70d5568,0x00000000ca900000)
 PSPermGen       total 21504K, used 5580K [0x00000000bae00000, 0x00000000bc300000, 0x00000000c0000000)
  object space 21504K, 25% used [0x00000000bae00000,0x00000000bb3732c8,0x00000000bc300000)
}
Event: 46.442 GC heap before
{Heap before GC invocations=9 (full 1):
 PSYoungGen      total 103936K, used 103921K [0x00000000eaa80000, 0x00000000f1380000, 0x0000000100000000)
  eden space 100352K, 100% used [0x00000000eaa80000,0x00000000f0c80000,0x00000000f0c80000)
  from space 3584K, 99% used [0x00000000f0c80000,0x00000000f0ffc410,0x00000000f1000000)
  to   space 3584K, 0% used [0x00000000f1000000,0x00000000f1000000,0x00000000f1380000)
 ParOldGen       total 173056K, used 115541K [0x00000000c0000000, 0x00000000ca900000, 0x00000000eaa80000)
  object space 173056K, 66% used [0x00000000c0000000,0x00000000c70d5568,0x00000000ca900000)
 PSPermGen       total 21504K, used 5621K [0x00000000bae00000, 0x00000000bc300000, 0x00000000c0000000)
  object space 21504K, 26% used [0x00000000bae00000,0x00000000bb37d488,0x00000000bc300000)
Event: 46.569 GC heap after
Heap after GC invocations=9 (full 1):
 PSYoungGen      total 65024K, used 3569K [0x00000000eaa80000, 0x00000000f8900000, 0x0000000100000000)
  eden space 61440K, 0% used [0x00000000eaa80000,0x00000000eaa80000,0x00000000ee680000)
  from space 3584K, 99% used [0x00000000f1000000,0x00000000f137c410,0x00000000f1380000)
  to   space 42496K, 0% used [0x00000000ee680000,0x00000000ee680000,0x00000000f1000000)
 ParOldGen       total 173056K, used 133371K [0x00000000c0000000, 0x00000000ca900000, 0x00000000eaa80000)
  object space 173056K, 77% used [0x00000000c0000000,0x00000000c823edc0,0x00000000ca900000)
 PSPermGen       total 21504K, used 5621K [0x00000000bae00000, 0x00000000bc300000, 0x00000000c0000000)
  object space 21504K, 26% used [0x00000000bae00000,0x00000000bb37d488,0x00000000bc300000)
}
Event: 48.251 GC heap before
{Heap before GC invocations=10 (full 1):
 PSYoungGen      total 65024K, used 65009K [0x00000000eaa80000, 0x00000000f8900000, 0x0000000100000000)
  eden space 61440K, 100% used [0x00000000eaa80000,0x00000000ee680000,0x00000000ee680000)
  from space 3584K, 99% used [0x00000000f1000000,0x00000000f137c410,0x00000000f1380000)
  to   space 42496K, 0% used [0x00000000ee680000,0x00000000ee680000,0x00000000f1000000)
 ParOldGen       total 173056K, used 133371K [0x00000000c0000000, 0x00000000ca900000, 0x00000000eaa80000)
  object space 173056K, 77% used [0x00000000c0000000,0x00000000c823edc0,0x00000000ca900000)
 PSPermGen       total 21504K, used 5623K [0x00000000bae00000, 0x00000000bc300000, 0x00000000c0000000)
  object space 21504K, 26% used [0x00000000bae00000,0x00000000bb37df98,0x00000000bc300000)
Event: 48.344 GC heap after
Heap after GC invocations=10 (full 1):
 PSYoungGen      total 103936K, used 14446K [0x00000000eaa80000, 0x00000000f4600000, 0x0000000100000000)
  eden space 61440K, 0% used [0x00000000eaa80000,0x00000000eaa80000,0x00000000ee680000)
  from space 42496K, 33% used [0x00000000ee680000,0x00000000ef49b848,0x00000000f1000000)
  to   space 41472K, 0% used [0x00000000f1d80000,0x00000000f1d80000,0x00000000f4600000)
 ParOldGen       total 173056K, used 133412K [0x00000000c0000000, 0x00000000ca900000, 0x00000000eaa80000)
  object space 173056K, 77% used [0x00000000c0000000,0x00000000c82491d0,0x00000000ca900000)
 PSPermGen       total 21504K, used 5623K [0x00000000bae00000, 0x00000000bc300000, 0x00000000c0000000)
  object space 21504K, 26% used [0x00000000bae00000,0x00000000bb37df98,0x00000000bc300000)
}
Event: 50.121 GC heap before
{Heap before GC invocations=11 (full 1):
 PSYoungGen      total 103936K, used 75886K [0x00000000eaa80000, 0x00000000f4600000, 0x0000000100000000)
  eden space 61440K, 100% used [0x00000000eaa80000,0x00000000ee680000,0x00000000ee680000)
  from space 42496K, 33% used [0x00000000ee680000,0x00000000ef49b848,0x00000000f1000000)
  to   space 41472K, 0% used [0x00000000f1d80000,0x00000000f1d80000,0x00000000f4600000)
 ParOldGen       total 173056K, used 133412K [0x00000000c0000000, 0x00000000ca900000, 0x00000000eaa80000)
  object space 173056K, 77% used [0x00000000c0000000,0x00000000c82491d0,0x00000000ca900000)
 PSPermGen       total 21504K, used 5632K [0x00000000bae00000, 0x00000000bc300000, 0x00000000c0000000)
  object space 21504K, 26% used [0x00000000bae00000,0x00000000bb380340,0x00000000bc300000)
Event: 50.291 GC heap after
Heap after GC invocations=11 (full 1):
 PSYoungGen      total 115712K, used 24767K [0x00000000eaa80000, 0x00000000f4480000, 0x0000000100000000)
  eden space 75776K, 0% used [0x00000000eaa80000,0x00000000eaa80000,0x00000000ef480000)
  from space 39936K, 62% used [0x00000000f1d80000,0x00000000f35aff08,0x00000000f4480000)
  to   space 40960K, 0% used [0x00000000ef480000,0x00000000ef480000,0x00000000f1c80000)
 ParOldGen       total 173056K, used 133412K [0x00000000c0000000, 0x00000000ca900000, 0x00000000eaa80000)
  object space 173056K, 77% used [0x00000000c0000000,0x00000000c82491d0,0x00000000ca900000)
 PSPermGen       total 21504K, used 5632K [0x00000000bae00000, 0x00000000bc300000, 0x00000000c0000000)
  object space 21504K, 26% used [0x00000000bae00000,0x00000000bb380340,0x00000000bc300000)
}
Event: 52.294 GC heap before
{Heap before GC invocations=12 (full 1):
 PSYoungGen      total 115712K, used 100543K [0x00000000eaa80000, 0x00000000f4480000, 0x0000000100000000)
  eden space 75776K, 100% used [0x00000000eaa80000,0x00000000ef480000,0x00000000ef480000)
  from space 39936K, 62% used [0x00000000f1d80000,0x00000000f35aff08,0x00000000f4480000)
  to   space 40960K, 0% used [0x00000000ef480000,0x00000000ef480000,0x00000000f1c80000)
 ParOldGen       total 173056K, used 133412K [0x00000000c0000000, 0x00000000ca900000, 0x00000000eaa80000)
  object space 173056K, 77% used [0x00000000c0000000,0x00000000c82491d0,0x00000000ca900000)
 PSPermGen       total 21504K, used 5639K [0x00000000bae00000, 0x00000000bc300000, 0x00000000c0000000)
  object space 21504K, 26% used [0x00000000bae00000,0x00000000bb381dd0,0x00000000bc300000)
Event: 52.498 GC heap after
Heap after GC invocations=12 (full 1):
 PSYoungGen      total 116736K, used 37173K [0x00000000eaa80000, 0x00000000f4480000, 0x0000000100000000)
  eden space 75776K, 0% used [0x00000000eaa80000,0x00000000eaa80000,0x00000000ef480000)
  from space 40960K, 90% used [0x00000000ef480000,0x00000000f18cd6f8,0x00000000f1c80000)
  to   space 39936K, 0% used [0x00000000f1d80000,0x00000000f1d80000,0x00000000f4480000)
 ParOldGen       total 173056K, used 133412K [0x00000000c0000000, 0x00000000ca900000, 0x00000000eaa80000)
  object space 173056K, 77% used [0x00000000c0000000,0x00000000c82491d0,0x00000000ca900000)
 PSPermGen       total 21504K, used 5639K [0x00000000bae00000, 0x00000000bc300000, 0x00000000c0000000)
  object space 21504K, 26% used [0x00000000bae00000,0x00000000bb381dd0,0x00000000bc300000)
}

