# JRE version: Java(TM) SE Runtime Environment (7.0_67-b01) (build 1.7.0_67-b01)
# Java VM: Java HotSpot(TM) 64-Bit Server VM (24.65-b04 mixed mode windows-amd64 compressed oops)
Heap
 PSYoungGen      total 138752K, used 79091K [0x00000000eaa80000, 0x00000000fb480000, 0x0000000100000000)
  eden space 119808K, 50% used [0x00000000eaa80000,0x00000000ee5ba928,0x00000000f1f80000)
  from space 18944K, 97% used [0x00000000fa200000,0x00000000fb402398,0x00000000fb480000)
  to   space 48128K, 0% used [0x00000000f5680000,0x00000000f5680000,0x00000000f8580000)
 ParOldGen       total 177152K, used 83057K [0x00000000c0000000, 0x00000000cad00000, 0x00000000eaa80000)
  object space 177152K, 46% used [0x00000000c0000000,0x00000000c511c670,0x00000000cad00000)
 PSPermGen       total 21504K, used 5556K [0x00000000bae00000, 0x00000000bc300000, 0x00000000c0000000)
  object space 21504K, 25% used [0x00000000bae00000,0x00000000bb36d398,0x00000000bc300000)
GC Heap History (10 events):
Event: 14.713 GC heap before
{Heap before GC invocations=3 (full 0):
 PSYoungGen      total 53760K, used 53744K [0x00000000eaa80000, 0x00000000ee280000, 0x0000000100000000)
  eden space 50176K, 100% used [0x00000000eaa80000,0x00000000edb80000,0x00000000edb80000)
  from space 3584K, 99% used [0x00000000edf00000,0x00000000ee27c038,0x00000000ee280000)
  to   space 3584K, 0% used [0x00000000edb80000,0x00000000edb80000,0x00000000edf00000)
 ParOldGen       total 64512K, used 6044K [0x00000000c0000000, 0x00000000c3f00000, 0x00000000eaa80000)
  object space 64512K, 9% used [0x00000000c0000000,0x00000000c05e72c8,0x00000000c3f00000)
 PSPermGen       total 21504K, used 5488K [0x00000000bae00000, 0x00000000bc300000, 0x00000000c0000000)
  object space 21504K, 25% used [0x00000000bae00000,0x00000000bb35c280,0x00000000bc300000)
Event: 14.957 GC heap after
Heap after GC invocations=3 (full 0):
 PSYoungGen      total 53760K, used 3552K [0x00000000eaa80000, 0x00000000f1380000, 0x0000000100000000)
  eden space 50176K, 0% used [0x00000000eaa80000,0x00000000eaa80000,0x00000000edb80000)
  from space 3584K, 99% used [0x00000000edb80000,0x00000000edef8028,0x00000000edf00000)
  to   space 3584K, 0% used [0x00000000f1000000,0x00000000f1000000,0x00000000f1380000)
 ParOldGen       total 64512K, used 14536K [0x00000000c0000000, 0x00000000c3f00000, 0x00000000eaa80000)
  object space 64512K, 22% used [0x00000000c0000000,0x00000000c0e323d8,0x00000000c3f00000)
 PSPermGen       total 21504K, used 5488K [0x00000000bae00000, 0x00000000bc300000, 0x00000000c0000000)
  object space 21504K, 25% used [0x00000000bae00000,0x00000000bb35c280,0x00000000bc300000)
}
Event: 17.508 GC heap before
{Heap before GC invocations=4 (full 0):
 PSYoungGen      total 53760K, used 53728K [0x00000000eaa80000, 0x00000000f1380000, 0x0000000100000000)
  eden space 50176K, 100% used [0x00000000eaa80000,0x00000000edb80000,0x00000000edb80000)
  from space 3584K, 99% used [0x00000000edb80000,0x00000000edef8028,0x00000000edf00000)
  to   space 3584K, 0% used [0x00000000f1000000,0x00000000f1000000,0x00000000f1380000)
 ParOldGen       total 64512K, used 14536K [0x00000000c0000000, 0x00000000c3f00000, 0x00000000eaa80000)
  object space 64512K, 22% used [0x00000000c0000000,0x00000000c0e323d8,0x00000000c3f00000)
 PSPermGen       total 21504K, used 5514K [0x00000000bae00000, 0x00000000bc300000, 0x00000000c0000000)
  object space 21504K, 25% used [0x00000000bae00000,0x00000000bb3629a0,0x00000000bc300000)
Event: 17.700 GC heap after
Heap after GC invocations=4 (full 0):
 PSYoungGen      total 103936K, used 3571K [0x00000000eaa80000, 0x00000000f1380000, 0x0000000100000000)
  eden space 100352K, 0% used [0x00000000eaa80000,0x00000000eaa80000,0x00000000f0c80000)
  from space 3584K, 99% used [0x00000000f1000000,0x00000000f137cd00,0x00000000f1380000)
  to   space 3584K, 0% used [0x00000000f0c80000,0x00000000f0c80000,0x00000000f1000000)
 ParOldGen       total 64512K, used 21923K [0x00000000c0000000, 0x00000000c3f00000, 0x00000000eaa80000)
  object space 64512K, 33% used [0x00000000c0000000,0x00000000c1568ff0,0x00000000c3f00000)
 PSPermGen       total 21504K, used 5514K [0x00000000bae00000, 0x00000000bc300000, 0x00000000c0000000)
  object space 21504K, 25% used [0x00000000bae00000,0x00000000bb3629a0,0x00000000bc300000)
}
Event: 22.076 GC heap before
{Heap before GC invocations=5 (full 0):
 PSYoungGen      total 103936K, used 103923K [0x00000000eaa80000, 0x00000000f1380000, 0x0000000100000000)
  eden space 100352K, 100% used [0x00000000eaa80000,0x00000000f0c80000,0x00000000f0c80000)
  from space 3584K, 99% used [0x00000000f1000000,0x00000000f137cd00,0x00000000f1380000)
  to   space 3584K, 0% used [0x00000000f0c80000,0x00000000f0c80000,0x00000000f1000000)
 ParOldGen       total 64512K, used 21923K [0x00000000c0000000, 0x00000000c3f00000, 0x00000000eaa80000)
  object space 64512K, 33% used [0x00000000c0000000,0x00000000c1568ff0,0x00000000c3f00000)
 PSPermGen       total 21504K, used 5523K [0x00000000bae00000, 0x00000000bc300000, 0x00000000c0000000)
  object space 21504K, 25% used [0x00000000bae00000,0x00000000bb364c00,0x00000000bc300000)
Event: 22.793 GC heap after
Heap after GC invocations=5 (full 0):
 PSYoungGen      total 103936K, used 3565K [0x00000000eaa80000, 0x00000000fd580000, 0x0000000100000000)
  eden space 100352K, 0% used [0x00000000eaa80000,0x00000000eaa80000,0x00000000f0c80000)
  from space 3584K, 99% used [0x00000000f0c80000,0x00000000f0ffb4d0,0x00000000f1000000)
  to   space 52736K, 0% used [0x00000000fa200000,0x00000000fa200000,0x00000000fd580000)
 ParOldGen       total 86016K, used 85738K [0x00000000c0000000, 0x00000000c5400000, 0x00000000eaa80000)
  object space 86016K, 99% used [0x00000000c0000000,0x00000000c53ba800,0x00000000c5400000)
 PSPermGen       total 21504K, used 5523K [0x00000000bae00000, 0x00000000bc300000, 0x00000000c0000000)
  object space 21504K, 25% used [0x00000000bae00000,0x00000000bb364c00,0x00000000bc300000)
}
Event: 22.805 GC heap before
{Heap before GC invocations=6 (full 1):
 PSYoungGen      total 103936K, used 3565K [0x00000000eaa80000, 0x00000000fd580000, 0x0000000100000000)
  eden space 100352K, 0% used [0x00000000eaa80000,0x00000000eaa80000,0x00000000f0c80000)
  from space 3584K, 99% used [0x00000000f0c80000,0x00000000f0ffb4d0,0x00000000f1000000)
  to   space 52736K, 0% used [0x00000000fa200000,0x00000000fa200000,0x00000000fd580000)
 ParOldGen       total 86016K, used 85738K [0x00000000c0000000, 0x00000000c5400000, 0x00000000eaa80000)
  object space 86016K, 99% used [0x00000000c0000000,0x00000000c53ba800,0x00000000c5400000)
 PSPermGen       total 21504K, used 5523K [0x00000000bae00000, 0x00000000bc300000, 0x00000000c0000000)
  object space 21504K, 25% used [0x00000000bae00000,0x00000000bb364c00,0x00000000bc300000)
Event: 28.970 GC heap after
Heap after GC invocations=6 (full 1):
 PSYoungGen      total 103936K, used 0K [0x00000000eaa80000, 0x00000000fd580000, 0x0000000100000000)
  eden space 100352K, 0% used [0x00000000eaa80000,0x00000000eaa80000,0x00000000f0c80000)
  from space 3584K, 0% used [0x00000000f0c80000,0x00000000f0c80000,0x00000000f1000000)
  to   space 52736K, 0% used [0x00000000fa200000,0x00000000fa200000,0x00000000fd580000)
 ParOldGen       total 177152K, used 83057K [0x00000000c0000000, 0x00000000cad00000, 0x00000000eaa80000)
  object space 177152K, 46% used [0x00000000c0000000,0x00000000c511c670,0x00000000cad00000)
 PSPermGen       total 21504K, used 5518K [0x00000000bae00000, 0x00000000bc300000, 0x00000000c0000000)
  object space 21504K, 25% used [0x00000000bae00000,0x00000000bb363940,0x00000000bc300000)
}
Event: 39.327 GC heap before
{Heap before GC invocations=7 (full 1):
 PSYoungGen      total 103936K, used 100352K [0x00000000eaa80000, 0x00000000fd580000, 0x0000000100000000)
  eden space 100352K, 100% used [0x00000000eaa80000,0x00000000f0c80000,0x00000000f0c80000)
  from space 3584K, 0% used [0x00000000f0c80000,0x00000000f0c80000,0x00000000f1000000)
  to   space 52736K, 0% used [0x00000000fa200000,0x00000000fa200000,0x00000000fd580000)
 ParOldGen       total 177152K, used 83057K [0x00000000c0000000, 0x00000000cad00000, 0x00000000eaa80000)
  object space 177152K, 46% used [0x00000000c0000000,0x00000000c511c670,0x00000000cad00000)
 PSPermGen       total 21504K, used 5532K [0x00000000bae00000, 0x00000000bc300000, 0x00000000c0000000)
  object space 21504K, 25% used [0x00000000bae00000,0x00000000bb3672f0,0x00000000bc300000)
Event: 39.692 GC heap after
Heap after GC invocations=7 (full 1):
 PSYoungGen      total 138752K, used 18440K [0x00000000eaa80000, 0x00000000fb480000, 0x0000000100000000)
  eden space 119808K, 0% used [0x00000000eaa80000,0x00000000eaa80000,0x00000000f1f80000)
  from space 18944K, 97% used [0x00000000fa200000,0x00000000fb402398,0x00000000fb480000)
  to   space 48128K, 0% used [0x00000000f5680000,0x00000000f5680000,0x00000000f8580000)
 ParOldGen       total 177152K, used 83057K [0x00000000c0000000, 0x00000000cad00000, 0x00000000eaa80000)
  object space 177152K, 46% used [0x00000000c0000000,0x00000000c511c670,0x00000000cad00000)
 PSPermGen       total 21504K, used 5532K [0x00000000bae00000, 0x00000000bc300000, 0x00000000c0000000)
  object space 21504K, 25% used [0x00000000bae00000,0x00000000bb3672f0,0x00000000bc300000)
}

